[2026-03-03 12:32:38,384] 9 root - INFO - Matrix Script Started
[2026-03-03 12:32:38,545] 8 root - INFO - ETL Process Started
[2026-03-03 12:32:38,546] 21 root - INFO - ETL Config Initialized with paths: Amazon - DATA/Amazon Sale Report.csv, International - DATA/International Sale Report.csv
[2026-03-03 12:32:38,546] 35 root - INFO - Loading data from paths: Amazon - DATA/Amazon Sale Report.csv, International - DATA/International Sale Report.csv
[2026-03-03 12:32:39,380] 43 root - INFO - Stripping column spaces for both datasets
[2026-03-03 12:32:39,380] 48 root - INFO - Renaming columns for Amazon dataset
[2026-03-03 12:32:39,418] 62 root - INFO - Renaming columns for International dataset
[2026-03-03 12:32:39,426] 76 root - INFO - Cleaning data: Converting data types and standardizing SKU format
[2026-03-03 12:32:39,595] 90 root - INFO - Appending datasets to create master_sales
[2026-03-03 12:32:39,600] 94 root - INFO - Removing duplicates from master_sales
[2026-03-03 12:32:39,651] 98 root - INFO - Saving master_sales to path: DATA/master_sales.csv
[2026-03-03 12:32:39,993] 111 root - INFO - Loading master_sales from path: DATA/master_sales.csv
[2026-03-03 12:32:40,069] 114 root - INFO - Cleaning master_sales: Handling missing values and extracting date components
[2026-03-03 12:32:40,125] 126 root - INFO - Extracting year, month, and day from order_date
[2026-03-03 12:32:40,521] 142 root - INFO - Saving cleaned master_sales to path: DATA/cleaned_master_sales.csv
[2026-03-03 12:32:40,880] 155 root - INFO - ETL Process Completed Successfully
[2026-03-03 12:32:40,880] 21 root - INFO - Matrix Config Initialized with paths: Cleaned Data - DATA/cleaned_master_sales.csv, Matrix Output - DATA/correlation_matrix.png
[2026-03-03 12:32:40,880] 35 root - INFO - Loading cleaned data from path: DATA/cleaned_master_sales.csv
[2026-03-03 12:32:40,970] 38 root - INFO - Generating correlation matrix
[2026-03-03 12:32:41,183] 57 root - INFO - Saving revenue by source plot to KPI/Revenue_Metrics/revenue_by_source.png
[2026-03-03 12:32:41,237] 61 root - INFO - Saving KPI metrics to KPI/Revenue_Metrics.csv
[2026-03-03 12:32:41,259] 77 root - INFO - Generating monthly analysis
[2026-03-03 12:32:41,259] 82 root - INFO - Saving monthly analysis plots to KPI/Monthly_Analysis/
[2026-03-03 12:32:42,129] 125 root - INFO - Creating directory for Product Analytics at KPI/Product Analytics
[2026-03-03 12:32:42,860] 180 root - INFO - Saving geographic analysis plots to KPI/Geographic_Analysis/
[2026-03-03 12:32:43,246] 221 root - INFO - Saving advanced analytical features plots to KPI/Advanced_Analytical_Features/
