[2026-03-02 17:19:53,589] 9 root - INFO - Matrix Script Started
[2026-03-02 17:19:53,589] 7 root - INFO - ETL Process Started
[2026-03-02 17:19:53,590] 20 root - INFO - ETL Config Initialized with paths: Amazon - DATA/Amazon Sale Report.csv, International - DATA/International Sale Report.csv
[2026-03-02 17:19:53,590] 34 root - INFO - Loading data from paths: Amazon - DATA/Amazon Sale Report.csv, International - DATA/International Sale Report.csv
[2026-03-02 17:19:54,476] 42 root - INFO - Stripping column spaces for both datasets
[2026-03-02 17:19:54,478] 47 root - INFO - Renaming columns for Amazon dataset
[2026-03-02 17:19:54,525] 61 root - INFO - Renaming columns for International dataset
[2026-03-02 17:19:54,532] 75 root - INFO - Cleaning data: Converting data types and standardizing SKU format
[2026-03-02 17:19:54,723] 89 root - INFO - Appending datasets to create master_sales
[2026-03-02 17:19:54,731] 93 root - INFO - Removing duplicates from master_sales
[2026-03-02 17:19:54,790] 97 root - INFO - Saving master_sales to path: DATA/master_sales.csv
[2026-03-02 17:19:55,146] 110 root - INFO - Loading master_sales from path: DATA/master_sales.csv
[2026-03-02 17:19:55,225] 113 root - INFO - Cleaning master_sales: Handling missing values and extracting date components
[2026-03-02 17:19:55,327] 125 root - INFO - Extracting year, month, and day from order_date
[2026-03-02 17:19:55,747] 141 root - INFO - Saving cleaned master_sales to path: DATA/cleaned_master_sales.csv
[2026-03-02 17:19:56,173] 154 root - INFO - ETL Process Completed Successfully
[2026-03-02 17:19:56,173] 21 root - INFO - Matrix Config Initialized with paths: Cleaned Data - DATA/cleaned_master_sales.csv, Matrix Output - DATA/correlation_matrix.png
[2026-03-02 17:19:56,174] 35 root - INFO - Loading cleaned data from path: DATA/cleaned_master_sales.csv
[2026-03-02 17:19:56,260] 38 root - INFO - Generating correlation matrix
[2026-03-02 17:19:56,419] 57 root - INFO - Saving revenue by source plot to KPI/Revenue_Metrics/revenue_by_source.png
[2026-03-02 17:19:56,480] 61 root - INFO - Saving KPI metrics to KPI/Revenue_Metrics.csv
[2026-03-02 17:19:56,498] 77 root - INFO - Generating monthly analysis
[2026-03-02 17:19:56,498] 82 root - INFO - Saving monthly analysis plots to KPI/Monthly_Analysis/
[2026-03-02 17:19:57,257] 125 root - INFO - Creating directory for Product Analytics at KPI/Product Analytics
[2026-03-02 17:19:58,025] 180 root - INFO - Saving geographic analysis plots to KPI/Geographic_Analysis/
[2026-03-02 17:19:58,375] 221 root - INFO - Saving advanced analytical features plots to KPI/Advanced_Analytical_Features/
