[2026-02-20 00:34:05,022] 9 root - INFO - Matrix Script Started
[2026-02-20 00:34:05,023] 7 root - INFO - ETL Process Started
[2026-02-20 00:34:05,023] 20 root - INFO - ETL Config Initialized with paths: Amazon - DATA/Amazon Sale Report.csv, International - DATA/International Sale Report.csv
[2026-02-20 00:34:05,023] 34 root - INFO - Loading data from paths: Amazon - DATA/Amazon Sale Report.csv, International - DATA/International Sale Report.csv
[2026-02-20 00:34:05,889] 42 root - INFO - Stripping column spaces for both datasets
[2026-02-20 00:34:05,890] 47 root - INFO - Renaming columns for Amazon dataset
[2026-02-20 00:34:05,932] 61 root - INFO - Renaming columns for International dataset
[2026-02-20 00:34:05,939] 75 root - INFO - Cleaning data: Converting data types and standardizing SKU format
[2026-02-20 00:34:06,117] 89 root - INFO - Appending datasets to create master_sales
[2026-02-20 00:34:06,124] 93 root - INFO - Removing duplicates from master_sales
[2026-02-20 00:34:06,179] 97 root - INFO - Saving master_sales to path: DATA/master_sales.csv
[2026-02-20 00:34:06,506] 110 root - INFO - Loading master_sales from path: DATA/master_sales.csv
[2026-02-20 00:34:06,585] 113 root - INFO - Cleaning master_sales: Handling missing values and extracting date components
[2026-02-20 00:34:06,631] 125 root - INFO - Extracting year, month, and day from order_date
[2026-02-20 00:34:07,051] 141 root - INFO - Saving cleaned master_sales to path: DATA/cleaned_master_sales.csv
[2026-02-20 00:34:07,394] 154 root - INFO - ETL Process Completed Successfully
[2026-02-20 00:34:07,395] 21 root - INFO - Matrix Config Initialized with paths: Cleaned Data - DATA/cleaned_master_sales.csv, Matrix Output - DATA/correlation_matrix.png
[2026-02-20 00:34:07,395] 34 root - INFO - Loading cleaned data from path: DATA/cleaned_master_sales.csv
[2026-02-20 00:34:07,482] 37 root - INFO - Generating correlation matrix
[2026-02-20 00:34:07,623] 54 root - INFO - Saving revenue by source plot to KPI/Revenue_Metrics/revenue_by_source.png
[2026-02-20 00:34:07,669] 58 root - INFO - Saving KPI metrics to KPI/Revenue_Metrics.csv
[2026-02-20 00:34:07,685] 74 root - INFO - Generating monthly analysis
[2026-02-20 00:34:07,685] 77 root - INFO - Saving monthly analysis plots to KPI/Monthly_Analysis/
[2026-02-20 00:34:20,654] 115 root - INFO - Correlation matrix generation completed successfully
