[2026-03-02 23:49:08,081] 9 root - INFO - Matrix Script Started
[2026-03-02 23:49:08,270] 8 root - INFO - ETL Process Started
[2026-03-02 23:49:08,270] 21 root - INFO - ETL Config Initialized with paths: Amazon - DATA/Amazon Sale Report.csv, International - DATA/International Sale Report.csv
[2026-03-02 23:49:08,270] 35 root - INFO - Loading data from paths: Amazon - DATA/Amazon Sale Report.csv, International - DATA/International Sale Report.csv
[2026-03-02 23:49:09,314] 43 root - INFO - Stripping column spaces for both datasets
[2026-03-02 23:49:09,315] 48 root - INFO - Renaming columns for Amazon dataset
[2026-03-02 23:49:09,357] 62 root - INFO - Renaming columns for International dataset
[2026-03-02 23:49:09,363] 76 root - INFO - Cleaning data: Converting data types and standardizing SKU format
[2026-03-02 23:49:09,514] 90 root - INFO - Appending datasets to create master_sales
[2026-03-02 23:49:09,520] 94 root - INFO - Removing duplicates from master_sales
[2026-03-02 23:49:09,570] 98 root - INFO - Saving master_sales to path: DATA/master_sales.csv
[2026-03-02 23:49:09,896] 111 root - INFO - Loading master_sales from path: DATA/master_sales.csv
[2026-03-02 23:49:09,974] 114 root - INFO - Cleaning master_sales: Handling missing values and extracting date components
[2026-03-02 23:49:10,020] 126 root - INFO - Extracting year, month, and day from order_date
[2026-03-02 23:49:10,421] 142 root - INFO - Saving cleaned master_sales to path: DATA/cleaned_master_sales.csv
[2026-03-02 23:49:10,768] 155 root - INFO - ETL Process Completed Successfully
[2026-03-02 23:49:10,768] 21 root - INFO - Matrix Config Initialized with paths: Cleaned Data - DATA/cleaned_master_sales.csv, Matrix Output - DATA/correlation_matrix.png
[2026-03-02 23:49:10,768] 35 root - INFO - Loading cleaned data from path: DATA/cleaned_master_sales.csv
[2026-03-02 23:49:10,856] 38 root - INFO - Generating correlation matrix
[2026-03-02 23:49:11,039] 57 root - INFO - Saving revenue by source plot to KPI/Revenue_Metrics/revenue_by_source.png
[2026-03-02 23:49:11,092] 61 root - INFO - Saving KPI metrics to KPI/Revenue_Metrics.csv
[2026-03-02 23:49:11,109] 77 root - INFO - Generating monthly analysis
[2026-03-02 23:49:11,110] 82 root - INFO - Saving monthly analysis plots to KPI/Monthly_Analysis/
[2026-03-02 23:49:11,812] 125 root - INFO - Creating directory for Product Analytics at KPI/Product Analytics
[2026-03-02 23:49:12,502] 180 root - INFO - Saving geographic analysis plots to KPI/Geographic_Analysis/
[2026-03-02 23:49:12,850] 221 root - INFO - Saving advanced analytical features plots to KPI/Advanced_Analytical_Features/
