[2026-02-20 00:06:10,619] 9 root - INFO - Matrix Script Started
[2026-02-20 00:06:10,619] 7 root - INFO - ETL Process Started
[2026-02-20 00:06:10,620] 20 root - INFO - ETL Config Initialized with paths: Amazon - DATA/Amazon Sale Report.csv, International - DATA/International Sale Report.csv
[2026-02-20 00:06:10,620] 34 root - INFO - Loading data from paths: Amazon - DATA/Amazon Sale Report.csv, International - DATA/International Sale Report.csv
[2026-02-20 00:06:11,399] 42 root - INFO - Stripping column spaces for both datasets
[2026-02-20 00:06:11,400] 47 root - INFO - Renaming columns for Amazon dataset
[2026-02-20 00:06:11,440] 61 root - INFO - Renaming columns for International dataset
[2026-02-20 00:06:11,446] 75 root - INFO - Cleaning data: Converting data types and standardizing SKU format
[2026-02-20 00:06:11,617] 89 root - INFO - Appending datasets to create master_sales
[2026-02-20 00:06:11,623] 93 root - INFO - Removing duplicates from master_sales
[2026-02-20 00:06:11,675] 97 root - INFO - Saving master_sales to path: DATA/master_sales.csv
[2026-02-20 00:06:11,988] 110 root - INFO - Loading master_sales from path: DATA/master_sales.csv
[2026-02-20 00:06:12,068] 113 root - INFO - Cleaning master_sales: Handling missing values and extracting date components
[2026-02-20 00:06:12,115] 125 root - INFO - Extracting year, month, and day from order_date
[2026-02-20 00:06:12,514] 141 root - INFO - Saving cleaned master_sales to path: DATA/cleaned_master_sales.csv
[2026-02-20 00:06:12,852] 154 root - INFO - ETL Process Completed Successfully
[2026-02-20 00:06:12,852] 21 root - INFO - Matrix Config Initialized with paths: Cleaned Data - DATA/cleaned_master_sales.csv, Matrix Output - DATA/correlation_matrix.png
[2026-02-20 00:06:12,852] 34 root - INFO - Loading cleaned data from path: DATA/cleaned_master_sales.csv
[2026-02-20 00:06:12,940] 37 root - INFO - Generating correlation matrix
[2026-02-20 00:06:13,081] 54 root - INFO - Saving revenue by source plot to KPI/Revenue_Metrics/revenue_by_source.png
[2026-02-20 00:06:13,127] 58 root - INFO - Saving KPI metrics to KPI/Revenue_Metrics.csv
